Arguments: 
  C:\Program Files\nodejs\node.exe C:\Users\Jack1\GitHubClones\node_modules\yarn\bin\yarn.js add @fortawesome/free-solid-svg-icons

PATH: 
  C:\Users\Jack1\GitHubClones\node_modules\.bin;C:\Python310\Scripts\;C:\Python310\;C:\Program Files (x86)\NVIDIA Corporation\PhysX\Common;C:\Program Files (x86)\Common Files\Oracle\Java\javapath;C:\WINDOWS\system32;C:\WINDOWS;C:\WINDOWS\System32\Wbem;C:\WINDOWS\System32\WindowsPowerShell\v1.0\;C:\WINDOWS\System32\OpenSSH\;C:\Program Files\PuTTY\;C:\Program Files\Microsoft SQL Server\120\Tools\Binn\;C:\Program Files\Chrono;C:\Program Files\Chrono\bin;C:\Program Files\dotnet\;C:\Program Files (x86)\QuickTime\QTSystem\;C:\Program Files (x86)\dotnet\;C:\Program Files\Git\cmd;C:\swigwin-3.0.12;C:\Users\Jack1\Scripts;C:\Program Files\nodejs\;C:\ProgramData\chocolatey\bin;C:\Users\Jack1\AppData\Local\Microsoft\WindowsApps;C:\Users\Jack1\AppData\Local\Microsoft\WindowsApps;C:\Users\Jack1\AppData\Local\GitHubDesktop\bin;C:\Users\Jack1\AppData\Local\atom\bin;C:\Users\Jack1\AppData\Roaming\npm

Yarn version: 
  1.22.15

Node version: 
  16.11.0

Platform: 
  win32 x64

Trace: 
  Error: EPERM: operation not permitted, unlink 'C:\Users\Jack1\GitHubClones\node_modules\sharp\build\Release\libgobject-2.0-0.dll'

npm manifest: 
  {
    "name": "my-portfolio",
    "version": "1.0.0",
    "private": true,
    "description": "My Portfolio",
    "author": "Christopher Graham",
    "keywords": [
      "gatsby"
    ],
    "scripts": {
      "develop": "gatsby develop",
      "start": "gatsby develop",
      "build": "gatsby build",
      "serve": "gatsby serve",
      "clean": "gatsby clean"
    },
    "dependencies": {
      "@fortawesome/fontawesome-svg-core": "^1.2.36",
      "@fortawesome/free-solid-svg-icons": "^5.15.4",
      "@fortawesome/react-fontawesome": "^0.1.15",
      "gatsby": "^3.13.1",
      "gatsby-plugin-image": "^1.14.1",
      "gatsby-plugin-sharp": "^3.14.1",
      "gatsby-source-filesystem": "^3.14.0",
      "react": "^17.0.1",
      "react-dom": "^17.0.1",
      "yarn": "^1.22.15"
    }
  }

yarn manifest: 
  No manifest

Lockfile: 
  No lockfile
